2021-06-23T08:39:15.428907+09:00 0 [System] [MY-013169] [Server] /usr/sbin/mysqld (mysqld 8.0.25) initializing of server in progress as process 43
2021-06-23T08:39:15.437265+09:00 1 [System] [MY-013576] [InnoDB] InnoDB initialization has started.
2021-06-23T08:39:15.787071+09:00 1 [System] [MY-013577] [InnoDB] InnoDB initialization has ended.
2021-06-23T08:39:16.721044+09:00 6 [Warning] [MY-010453] [Server] root@localhost is created with an empty password ! Please consider switching off the --initialize-insecure option.
2021-06-23T08:39:24.130188+09:00 0 [System] [MY-010116] [Server] /usr/sbin/mysqld (mysqld 8.0.25) starting as process 88
2021-06-23T08:39:24.152203+09:00 1 [System] [MY-013576] [InnoDB] InnoDB initialization has started.
2021-06-23T08:39:24.293726+09:00 1 [System] [MY-013577] [InnoDB] InnoDB initialization has ended.
2021-06-23T08:39:24.390349+09:00 0 [System] [MY-011323] [Server] X Plugin ready for connections. Socket: /var/run/mysqld/mysqlx.sock
2021-06-23T08:39:24.549766+09:00 0 [Warning] [MY-010068] [Server] CA certificate ca.pem is self signed.
2021-06-23T08:39:24.550687+09:00 0 [System] [MY-013602] [Server] Channel mysql_main configured to support TLS. Encrypted connections are now supported for this channel.
2021-06-23T08:39:24.553380+09:00 0 [Warning] [MY-011810] [Server] Insecure configuration for --pid-file: Location '/var/run/mysqld' in the path is accessible to all OS users. Consider choosing a different directory.
2021-06-23T08:39:24.587265+09:00 0 [System] [MY-010931] [Server] /usr/sbin/mysqld: ready for connections. Version: '8.0.25'  socket: '/var/run/mysqld/mysqld.sock'  port: 0  MySQL Community Server - GPL.
2021-06-23T08:39:32.035414+09:00 13 [System] [MY-013172] [Server] Received SHUTDOWN from user root. Shutting down mysqld (Version: 8.0.25).
2021-06-23T08:39:33.094125+09:00 0 [System] [MY-010910] [Server] /usr/sbin/mysqld: Shutdown complete (mysqld 8.0.25)  MySQL Community Server - GPL.
2021-06-23T08:39:34.262289+09:00 0 [System] [MY-010116] [Server] /usr/sbin/mysqld (mysqld 8.0.25) starting as process 1
2021-06-23T08:39:34.273866+09:00 1 [System] [MY-013576] [InnoDB] InnoDB initialization has started.
2021-06-23T08:39:34.382519+09:00 1 [System] [MY-013577] [InnoDB] InnoDB initialization has ended.
2021-06-23T08:39:34.503783+09:00 0 [System] [MY-011323] [Server] X Plugin ready for connections. Bind-address: '::' port: 33060, socket: /var/run/mysqld/mysqlx.sock
2021-06-23T08:39:34.624852+09:00 0 [Warning] [MY-010068] [Server] CA certificate ca.pem is self signed.
2021-06-23T08:39:34.625723+09:00 0 [System] [MY-013602] [Server] Channel mysql_main configured to support TLS. Encrypted connections are now supported for this channel.
2021-06-23T08:39:34.629170+09:00 0 [Warning] [MY-011810] [Server] Insecure configuration for --pid-file: Location '/var/run/mysqld' in the path is accessible to all OS users. Consider choosing a different directory.
2021-06-23T08:39:34.654642+09:00 0 [System] [MY-010931] [Server] /usr/sbin/mysqld: ready for connections. Version: '8.0.25'  socket: '/var/run/mysqld/mysqld.sock'  port: 3306  MySQL Community Server - GPL.
mbind: Operation not permitted
mbind: Operation not permitted
2021-06-23T08:58:47.235664+09:00 0 [System] [MY-013172] [Server] Received SHUTDOWN from user <via user signal>. Shutting down mysqld (Version: 8.0.25).
2021-06-23T08:58:49.238157+09:00 0 [Warning] [MY-010909] [Server] /usr/sbin/mysqld: Forcing close of thread 8  user: 'homestead'.
2021-06-23T08:58:49.239369+09:00 0 [Warning] [MY-010909] [Server] /usr/sbin/mysqld: Forcing close of thread 9  user: 'homestead'.
2021-06-23T08:58:50.380947+09:00 0 [System] [MY-010910] [Server] /usr/sbin/mysqld: Shutdown complete (mysqld 8.0.25)  MySQL Community Server - GPL.
2021-06-23T09:32:39.612477+09:00 0 [System] [MY-010116] [Server] /usr/sbin/mysqld (mysqld 8.0.25) starting as process 1
2021-06-23T09:32:39.625407+09:00 1 [System] [MY-013576] [InnoDB] InnoDB initialization has started.
2021-06-23T09:32:39.736332+09:00 1 [System] [MY-013577] [InnoDB] InnoDB initialization has ended.
2021-06-23T09:32:39.828228+09:00 0 [System] [MY-011323] [Server] X Plugin ready for connections. Bind-address: '::' port: 33060, socket: /var/run/mysqld/mysqlx.sock
2021-06-23T09:32:39.882471+09:00 0 [Warning] [MY-010068] [Server] CA certificate ca.pem is self signed.
2021-06-23T09:32:39.883491+09:00 0 [System] [MY-013602] [Server] Channel mysql_main configured to support TLS. Encrypted connections are now supported for this channel.
2021-06-23T09:32:39.886645+09:00 0 [Warning] [MY-011810] [Server] Insecure configuration for --pid-file: Location '/var/run/mysqld' in the path is accessible to all OS users. Consider choosing a different directory.
2021-06-23T09:32:39.911583+09:00 0 [System] [MY-010931] [Server] /usr/sbin/mysqld: ready for connections. Version: '8.0.25'  socket: '/var/run/mysqld/mysqld.sock'  port: 3306  MySQL Community Server - GPL.
mbind: Operation not permitted
mbind: Operation not permitted
mbind: Operation not permitted
mbind: Operation not permitted
mbind: Operation not permitted
2021-06-23T10:13:22.880251+09:00 0 [System] [MY-013172] [Server] Received SHUTDOWN from user <via user signal>. Shutting down mysqld (Version: 8.0.25).
2021-06-23T10:13:24.884149+09:00 0 [Warning] [MY-010909] [Server] /usr/sbin/mysqld: Forcing close of thread 8  user: 'homestead'.
2021-06-23T10:13:24.886247+09:00 0 [Warning] [MY-010909] [Server] /usr/sbin/mysqld: Forcing close of thread 9  user: 'homestead'.
2021-06-23T10:13:24.887533+09:00 0 [Warning] [MY-010909] [Server] /usr/sbin/mysqld: Forcing close of thread 10  user: 'homestead'.
2021-06-23T10:13:24.888908+09:00 0 [Warning] [MY-010909] [Server] /usr/sbin/mysqld: Forcing close of thread 11  user: 'homestead'.
2021-06-23T10:13:24.889972+09:00 0 [Warning] [MY-010909] [Server] /usr/sbin/mysqld: Forcing close of thread 12  user: 'homestead'.
2021-06-23T10:13:24.891275+09:00 0 [Warning] [MY-010909] [Server] /usr/sbin/mysqld: Forcing close of thread 13  user: 'root'.
2021-06-23T10:13:25.214203+09:00 0 [System] [MY-010910] [Server] /usr/sbin/mysqld: Shutdown complete (mysqld 8.0.25)  MySQL Community Server - GPL.
2021-06-23T10:13:45.292846+09:00 0 [System] [MY-010116] [Server] /usr/sbin/mysqld (mysqld 8.0.25) starting as process 1
2021-06-23T10:13:45.302520+09:00 1 [System] [MY-013576] [InnoDB] InnoDB initialization has started.
2021-06-23T10:13:45.412204+09:00 1 [System] [MY-013577] [InnoDB] InnoDB initialization has ended.
2021-06-23T10:13:45.505618+09:00 0 [System] [MY-011323] [Server] X Plugin ready for connections. Bind-address: '::' port: 33060, socket: /var/run/mysqld/mysqlx.sock
2021-06-23T10:13:45.613718+09:00 0 [Warning] [MY-010068] [Server] CA certificate ca.pem is self signed.
2021-06-23T10:13:45.614678+09:00 0 [System] [MY-013602] [Server] Channel mysql_main configured to support TLS. Encrypted connections are now supported for this channel.
2021-06-23T10:13:45.617582+09:00 0 [Warning] [MY-011810] [Server] Insecure configuration for --pid-file: Location '/var/run/mysqld' in the path is accessible to all OS users. Consider choosing a different directory.
2021-06-23T10:13:45.641886+09:00 0 [System] [MY-010931] [Server] /usr/sbin/mysqld: ready for connections. Version: '8.0.25'  socket: '/var/run/mysqld/mysqld.sock'  port: 3306  MySQL Community Server - GPL.
mbind: Operation not permitted
mbind: Operation not permitted
mbind: Operation not permitted
mbind: Operation not permitted
mbind: Operation not permitted
mbind: Operation not permitted
mbind: Operation not permitted
mbind: Operation not permitted
mbind: Operation not permitted
mbind: Operation not permitted
mbind: Operation not permitted
mbind: Operation not permitted
mbind: Operation not permitted
mbind: Operation not permitted
mbind: Operation not permitted
